2024-09-04 21:25:25 [[31merror[39m]: uncaughtException: mongoose is not defined
ReferenceError: mongoose is not defined
    at checkOut (file:///D:/Attendance%20app/server/controllers/attendanceController.js:32:9)
    at Layer.handle [as handle_request] (D:\Attendance app\server\node_modules\express\lib\router\layer.js:95:5)
    at next (D:\Attendance app\server\node_modules\express\lib\router\route.js:149:13)
    at file:///D:/Attendance%20app/server/middleware/authMiddleware.js:27:13
    at process.processTicksAndRejections (node:internal/process/task_queues:95:5)
2024-09-04 21:25:46 [[31merror[39m]: uncaughtException: mongoose is not defined
ReferenceError: mongoose is not defined
    at checkOut (file:///D:/Attendance%20app/server/controllers/attendanceController.js:32:9)
    at Layer.handle [as handle_request] (D:\Attendance app\server\node_modules\express\lib\router\layer.js:95:5)
    at next (D:\Attendance app\server\node_modules\express\lib\router\route.js:149:13)
    at file:///D:/Attendance%20app/server/middleware/authMiddleware.js:27:13
    at process.processTicksAndRejections (node:internal/process/task_queues:95:5)
2024-09-04 21:27:42 [[31merror[39m]: uncaughtException: mongoose is not defined
ReferenceError: mongoose is not defined
    at checkOut (file:///D:/Attendance%20app/server/controllers/attendanceController.js:32:9)
    at Layer.handle [as handle_request] (D:\Attendance app\server\node_modules\express\lib\router\layer.js:95:5)
    at next (D:\Attendance app\server\node_modules\express\lib\router\route.js:149:13)
    at file:///D:/Attendance%20app/server/middleware/authMiddleware.js:27:13
    at process.processTicksAndRejections (node:internal/process/task_queues:95:5)
2024-09-04 21:30:59 [[31merror[39m]: uncaughtException: mongoose is not defined
ReferenceError: mongoose is not defined
    at checkOut (file:///D:/Attendance%20app/server/controllers/attendanceController.js:32:9)
    at Layer.handle [as handle_request] (D:\Attendance app\server\node_modules\express\lib\router\layer.js:95:5)
    at next (D:\Attendance app\server\node_modules\express\lib\router\route.js:149:13)
    at file:///D:/Attendance%20app/server/middleware/authMiddleware.js:27:13
    at process.processTicksAndRejections (node:internal/process/task_queues:95:5)
2024-09-04 21:32:23 [[31merror[39m]: uncaughtException: mongoose is not defined
ReferenceError: mongoose is not defined
    at checkOut (file:///D:/Attendance%20app/server/controllers/attendanceController.js:32:9)
    at Layer.handle [as handle_request] (D:\Attendance app\server\node_modules\express\lib\router\layer.js:95:5)
    at next (D:\Attendance app\server\node_modules\express\lib\router\route.js:149:13)
    at file:///D:/Attendance%20app/server/middleware/authMiddleware.js:27:13
    at process.processTicksAndRejections (node:internal/process/task_queues:95:5)
2024-09-07 12:41:34 [[31merror[39m]: uncaughtException: swaggerUi is not defined
ReferenceError: swaggerUi is not defined
    at file:///D:/Attendance%20app/server/index.js:23:22
    at ModuleJob.run (node:internal/modules/esm/module_job:218:25)
    at async ModuleLoader.import (node:internal/modules/esm/loader:329:24)
    at async loadESM (node:internal/process/esm_loader:28:7)
    at async handleMainPromise (node:internal/modules/run_main:113:12)
2024-10-30 13:29:03 [[31merror[39m]: uncaughtException: Cannot set headers after they are sent to the client
Error [ERR_HTTP_HEADERS_SENT]: Cannot set headers after they are sent to the client
    at ServerResponse.setHeader (node:_http_outgoing:652:11)
    at ServerResponse.header (D:\Attendance app\server\node_modules\express\lib\response.js:795:10)
    at ServerResponse.json (D:\Attendance app\server\node_modules\express\lib\response.js:276:10)
    at getAttendanceByDate (file:///D:/Attendance%20app/server/controllers/adminController.js:105:33)
    at process.processTicksAndRejections (node:internal/process/task_queues:95:5)
2024-11-11 12:02:42 [[31merror[39m]: uncaughtException: Assignment to constant variable.
TypeError: Assignment to constant variable.
    at joinOrganization (file:///D:/Attendance%20app/server/controllers/organizationController.js:29:17)
    at Layer.handle [as handle_request] (D:\Attendance app\server\node_modules\express\lib\router\layer.js:95:5)
    at next (D:\Attendance app\server\node_modules\express\lib\router\route.js:149:13)
    at file:///D:/Attendance%20app/server/middleware/authMiddleware.js:27:13
    at process.processTicksAndRejections (node:internal/process/task_queues:95:5)
2024-11-11 12:06:55 [[31merror[39m]: uncaughtException: Assignment to constant variable.
TypeError: Assignment to constant variable.
    at joinOrganization (file:///D:/Attendance%20app/server/controllers/organizationController.js:29:17)
    at Layer.handle [as handle_request] (D:\Attendance app\server\node_modules\express\lib\router\layer.js:95:5)
    at next (D:\Attendance app\server\node_modules\express\lib\router\route.js:149:13)
    at file:///D:/Attendance%20app/server/middleware/authMiddleware.js:27:13
    at process.processTicksAndRejections (node:internal/process/task_queues:95:5)
